{
  "stats": {
    "suites": 1,
    "tests": 1,
    "passes": 1,
    "pending": 0,
    "failures": 0,
    "start": "2025-05-25T07:24:42.697Z",
    "end": "2025-05-25T07:24:45.437Z",
    "duration": 2740,
    "testsRegistered": 1,
    "passPercent": 100,
    "pendingPercent": 0,
    "other": 0,
    "hasOther": false,
    "skipped": 0,
    "hasSkipped": false
  },
  "results": [
    {
      "uuid": "e5aab78f-fdad-405e-b432-7bee61ef8f12",
      "title": "",
      "fullFile": "cypress\\e2e\\inventoryPage.cy.js",
      "file": "cypress\\e2e\\inventoryPage.cy.js",
      "beforeHooks": [],
      "afterHooks": [],
      "tests": [],
      "suites": [
        {
          "uuid": "19583d3f-65e8-499c-b16b-992bf0c77345",
          "title": "Inventory Page Tests",
          "fullFile": "",
          "file": "",
          "beforeHooks": [],
          "afterHooks": [],
          "tests": [
            {
              "title": "should add item to cart successfully",
              "fullTitle": "Inventory Page Tests should add item to cart successfully",
              "timedOut": null,
              "duration": 2632,
              "state": "passed",
              "speed": "fast",
              "pass": true,
              "fail": false,
              "pending": false,
              "context": null,
              "code": "_inventoryPage.default.elements.title().should('contain', 'Products');\ncy.addItemToCart();\n_inventoryPage.default.elements.cartIcon().should('contain', '1');",
              "err": {},
              "uuid": "59193be5-72b1-4c3a-ac95-872bc1471ad6",
              "parentUUID": "19583d3f-65e8-499c-b16b-992bf0c77345",
              "isHook": false,
              "skipped": false
            }
          ],
          "suites": [],
          "passes": [
            "59193be5-72b1-4c3a-ac95-872bc1471ad6"
          ],
          "failures": [],
          "pending": [],
          "skipped": [],
          "duration": 2632,
          "root": false,
          "rootEmpty": false,
          "_timeout": 2000
        }
      ],
      "passes": [],
      "failures": [],
      "pending": [],
      "skipped": [],
      "duration": 0,
      "root": true,
      "rootEmpty": true,
      "_timeout": 2000
    }
  ],
  "meta": {
    "mocha": {
      "version": "7.2.0"
    },
    "mochawesome": {
      "options": {
        "quiet": false,
        "reportFilename": "mochawesome",
        "saveHtml": true,
        "saveJson": true,
        "consoleReporter": "spec",
        "useInlineDiffs": false,
        "code": true
      },
      "version": "7.1.3"
    },
    "marge": {
      "options": {
        "reportDir": "cypress/reports",
        "overwrite": false,
        "html": true,
        "json": true
      },
      "version": "6.2.0"
    }
  }
}