{
  "stats": {
    "suites": 1,
    "tests": 1,
    "passes": 1,
    "pending": 0,
    "failures": 0,
    "start": "2025-05-25T07:24:29.917Z",
    "end": "2025-05-25T07:24:38.725Z",
    "duration": 8808,
    "testsRegistered": 1,
    "passPercent": 100,
    "pendingPercent": 0,
    "other": 0,
    "hasOther": false,
    "skipped": 0,
    "hasSkipped": false
  },
  "results": [
    {
      "uuid": "62f13c28-18be-49b0-a663-14e0ff3a6e71",
      "title": "",
      "fullFile": "cypress\\e2e\\cartPage.cy.js",
      "file": "cypress\\e2e\\cartPage.cy.js",
      "beforeHooks": [],
      "afterHooks": [],
      "tests": [],
      "suites": [
        {
          "uuid": "71bbd727-ddd6-4acc-a6c8-666087be0305",
          "title": "Cart Page Tests",
          "fullFile": "",
          "file": "",
          "beforeHooks": [],
          "afterHooks": [],
          "tests": [
            {
              "title": "should show items in the cart",
              "fullTitle": "Cart Page Tests should show items in the cart",
              "timedOut": null,
              "duration": 8616,
              "state": "passed",
              "speed": "medium",
              "pass": true,
              "fail": false,
              "pending": false,
              "context": null,
              "code": "_cartPage.default.elements.cartTitle().should('contain', 'Your Cart');\n_cartPage.default.validateCartHasItems();",
              "err": {},
              "uuid": "0ecf05ef-c840-4a5f-9163-bc92abb0d7dc",
              "parentUUID": "71bbd727-ddd6-4acc-a6c8-666087be0305",
              "isHook": false,
              "skipped": false
            }
          ],
          "suites": [],
          "passes": [
            "0ecf05ef-c840-4a5f-9163-bc92abb0d7dc"
          ],
          "failures": [],
          "pending": [],
          "skipped": [],
          "duration": 8616,
          "root": false,
          "rootEmpty": false,
          "_timeout": 2000
        }
      ],
      "passes": [],
      "failures": [],
      "pending": [],
      "skipped": [],
      "duration": 0,
      "root": true,
      "rootEmpty": true,
      "_timeout": 2000
    }
  ],
  "meta": {
    "mocha": {
      "version": "7.2.0"
    },
    "mochawesome": {
      "options": {
        "quiet": false,
        "reportFilename": "mochawesome",
        "saveHtml": true,
        "saveJson": true,
        "consoleReporter": "spec",
        "useInlineDiffs": false,
        "code": true
      },
      "version": "7.1.3"
    },
    "marge": {
      "options": {
        "reportDir": "cypress/reports",
        "overwrite": false,
        "html": true,
        "json": true
      },
      "version": "6.2.0"
    }
  }
}